Build started 10/6/2011 9:29:05 PM.
     1>Project "C:\Users\Dylan\Dropbox\Visual Studio\BrainfuckInterpreter\BrainfuckInterpreter\BrainfuckInterpreter.vcxproj" on node 2 (build target(s)).
     1>InitializeBuildStatus:
         Touching "Debug\BrainfuckInterpreter.unsuccessfulbuild".
       ClCompile:
         All outputs are up-to-date.
         c:\Program Files (x86)\Microsoft Visual Studio 10.0\VC\bin\CL.exe /c /ZI /nologo /W3 /WX- /Od /Oy- /D WIN32 /D _DEBUG /D _CONSOLE /D _UNICODE /D UNICODE /Gm /EHsc /RTC1 /MDd /GS /fp:precise /Zc:wchar_t /Zc:forScope /Yu"StdAfx.h" /Fp"Debug\BrainfuckInterpreter.pch" /Fo"Debug\\" /Fd"Debug\vc100.pdb" /Gd /TP /analyze- /errorReport:prompt BrainfuckInterpreter.cpp
         BrainfuckInterpreter.cpp
       ManifestResourceCompile:
         All outputs are up-to-date.
       Link:
         c:\Program Files (x86)\Microsoft Visual Studio 10.0\VC\bin\link.exe /ERRORREPORT:PROMPT /OUT:"C:\Users\Dylan\Dropbox\Visual Studio\BrainfuckInterpreter\Debug\BrainfuckInterpreter.exe" /INCREMENTAL /NOLOGO kernel32.lib user32.lib gdi32.lib winspool.lib comdlg32.lib advapi32.lib shell32.lib ole32.lib oleaut32.lib uuid.lib odbc32.lib odbccp32.lib /MANIFEST /ManifestFile:"Debug\BrainfuckInterpreter.exe.intermediate.manifest" /MANIFESTUAC:"level='asInvoker' uiAccess='false'" /DEBUG /PDB:"C:\Users\Dylan\Dropbox\Visual Studio\BrainfuckInterpreter\Debug\BrainfuckInterpreter.pdb" /SUBSYSTEM:CONSOLE /TLBID:1 /DYNAMICBASE /NXCOMPAT /IMPLIB:"C:\Users\Dylan\Dropbox\Visual Studio\BrainfuckInterpreter\Debug\BrainfuckInterpreter.lib" /MACHINE:X86 Debug\BrainfuckInterpreter.exe.embed.manifest.res
         Debug\BrainfuckInterpreter.obj
         Debug\stdafx.obj
       Manifest:
         C:\Program Files (x86)\Microsoft SDKs\Windows\v7.0A\bin\mt.exe /nologo /verbose /out:"Debug\BrainfuckInterpreter.exe.embed.manifest" /manifest Debug\BrainfuckInterpreter.exe.intermediate.manifest
         All outputs are up-to-date.
       LinkEmbedManifest:
         All outputs are up-to-date.
         BrainfuckInterpreter.vcxproj -> C:\Users\Dylan\Dropbox\Visual Studio\BrainfuckInterpreter\Debug\BrainfuckInterpreter.exe
       FinalizeBuildStatus:
         Deleting file "Debug\BrainfuckInterpreter.unsuccessfulbuild".
         Touching "Debug\BrainfuckInterpreter.lastbuildstate".
     1>Done Building Project "C:\Users\Dylan\Dropbox\Visual Studio\BrainfuckInterpreter\BrainfuckInterpreter\BrainfuckInterpreter.vcxproj" (build target(s)).

Build succeeded.

Time Elapsed 00:00:03.25
