Build started 10/8/2011 4:30:33 PM.
     1>Project "C:\Users\Dylan\Dropbox\Visual Studio\BrainfuckInterpreter\BrainfuckInterpreter\BrainfuckInterpreter.vcxproj" on node 2 (build target(s)).
     1>InitializeBuildStatus:
         Touching "Release\BrainfuckInterpreter.unsuccessfulbuild".
       ClCompile:
         All outputs are up-to-date.
         c:\Program Files (x86)\Microsoft Visual Studio 10.0\VC\bin\CL.exe /c /Zi /nologo /W3 /WX- /O2 /Oi /Oy- /GL /D WIN32 /D NDEBUG /D _CONSOLE /D _UNICODE /D UNICODE /Gm- /EHsc /MD /GS /Gy /fp:precise /Zc:wchar_t /Zc:forScope /Yu"StdAfx.h" /Fp"Release\BrainfuckInterpreter.pch" /Fo"Release\\" /Fd"Release\vc100.pdb" /Gd /TP /analyze- /errorReport:prompt BrainfuckInterpreter.cpp
         BrainfuckInterpreter.cpp
       Link:
         c:\Program Files (x86)\Microsoft Visual Studio 10.0\VC\bin\link.exe /ERRORREPORT:PROMPT /OUT:"C:\Users\Dylan\Dropbox\Visual Studio\BrainfuckInterpreter\Release\BrainfuckInterpreter.exe" /INCREMENTAL:NO /NOLOGO kernel32.lib user32.lib gdi32.lib winspool.lib comdlg32.lib advapi32.lib shell32.lib ole32.lib oleaut32.lib uuid.lib odbc32.lib odbccp32.lib /MANIFEST /ManifestFile:"Release\BrainfuckInterpreter.exe.intermediate.manifest" /MANIFESTUAC:"level='asInvoker' uiAccess='false'" /DEBUG /PDB:"C:\Users\Dylan\Dropbox\Visual Studio\BrainfuckInterpreter\Release\BrainfuckInterpreter.pdb" /SUBSYSTEM:CONSOLE /OPT:REF /OPT:ICF /LTCG /TLBID:1 /DYNAMICBASE /NXCOMPAT /IMPLIB:"C:\Users\Dylan\Dropbox\Visual Studio\BrainfuckInterpreter\Release\BrainfuckInterpreter.lib" /MACHINE:X86 Release\BrainfuckInterpreter.obj
         Release\stdafx.obj
         Generating code
         Finished generating code
         BrainfuckInterpreter.vcxproj -> C:\Users\Dylan\Dropbox\Visual Studio\BrainfuckInterpreter\Release\BrainfuckInterpreter.exe
       Manifest:
         C:\Program Files (x86)\Microsoft SDKs\Windows\v7.0A\bin\mt.exe /nologo /verbose /outputresource:"C:\Users\Dylan\Dropbox\Visual Studio\BrainfuckInterpreter\Release\BrainfuckInterpreter.exe;#1" /manifest Release\BrainfuckInterpreter.exe.intermediate.manifest
       FinalizeBuildStatus:
         Deleting file "Release\BrainfuckInterpreter.unsuccessfulbuild".
         Touching "Release\BrainfuckInterpreter.lastbuildstate".
     1>Done Building Project "C:\Users\Dylan\Dropbox\Visual Studio\BrainfuckInterpreter\BrainfuckInterpreter\BrainfuckInterpreter.vcxproj" (build target(s)).

Build succeeded.

Time Elapsed 00:00:08.48
